d:\github\comp3015-c1prototype\project_template\x64\debug\vc142.pdb
d:\github\comp3015-c1prototype\project_template\x64\debug\vc142.idb
d:\github\comp3015-c1prototype\project_template\x64\debug\glad.obj
d:\github\comp3015-c1prototype\project_template\x64\debug\scenebasic_uniform.obj
d:\github\comp3015-c1prototype\project_template\x64\debug\main.obj
d:\github\comp3015-c1prototype\project_template\x64\debug\trianglemesh.obj
d:\github\comp3015-c1prototype\project_template\x64\debug\torus.obj
d:\github\comp3015-c1prototype\project_template\x64\debug\texture.obj
d:\github\comp3015-c1prototype\project_template\x64\debug\teapot.obj
d:\github\comp3015-c1prototype\project_template\x64\debug\plane.obj
d:\github\comp3015-c1prototype\project_template\x64\debug\objmesh.obj
d:\github\comp3015-c1prototype\project_template\x64\debug\glutils.obj
d:\github\comp3015-c1prototype\project_template\x64\debug\glslprogram.obj
d:\github\comp3015-c1prototype\project_template\x64\debug\cube.obj
d:\github\comp3015-c1prototype\project_template\x64\debug\stb_image.obj
d:\github\comp3015-c1prototype\project_template\x64\debug\project_template.exe
d:\github\comp3015-c1prototype\project_template\x64\debug\project_template.ilk
d:\github\comp3015-c1prototype\project_template\x64\debug\project_template.pdb
d:\github\comp3015-c1prototype\project_template\x64\debug\project_template.tlog\cl.command.1.tlog
d:\github\comp3015-c1prototype\project_template\x64\debug\project_template.tlog\cl.read.1.tlog
d:\github\comp3015-c1prototype\project_template\x64\debug\project_template.tlog\cl.write.1.tlog
d:\github\comp3015-c1prototype\project_template\x64\debug\project_template.tlog\link.command.1.tlog
d:\github\comp3015-c1prototype\project_template\x64\debug\project_template.tlog\link.read.1.tlog
d:\github\comp3015-c1prototype\project_template\x64\debug\project_template.tlog\link.write.1.tlog
