  main.cpp
  scenebasic_uniform.cpp
  Generating Code...
  LINK : D:\GitHub\COMP3015-c1Prototype\Project_Template\x64\Debug\Project_Template.exe not found or not built by the last incremental link; performing full link
trianglemesh.obj : warning LNK4204: 'D:\GitHub\COMP3015-c1Prototype\Project_Template\x64\Debug\vc142.pdb' is missing debugging information for referencing module; linking object as if no debug info
torus.obj : warning LNK4204: 'D:\GitHub\COMP3015-c1Prototype\Project_Template\x64\Debug\vc142.pdb' is missing debugging information for referencing module; linking object as if no debug info
texture.obj : warning LNK4205: 'D:\GitHub\COMP3015-c1Prototype\Project_Template\x64\Debug\vc142.pdb' is missing current debugging information for referencing module; linking object as if no debug info
teapot.obj : warning LNK4204: 'D:\GitHub\COMP3015-c1Prototype\Project_Template\x64\Debug\vc142.pdb' is missing debugging information for referencing module; linking object as if no debug info
stb_image.obj : warning LNK4204: 'D:\GitHub\COMP3015-c1Prototype\Project_Template\x64\Debug\vc142.pdb' is missing debugging information for referencing module; linking object as if no debug info
plane.obj : warning LNK4205: 'D:\GitHub\COMP3015-c1Prototype\Project_Template\x64\Debug\vc142.pdb' is missing current debugging information for referencing module; linking object as if no debug info
objmesh.obj : warning LNK4205: 'D:\GitHub\COMP3015-c1Prototype\Project_Template\x64\Debug\vc142.pdb' is missing current debugging information for referencing module; linking object as if no debug info
glutils.obj : warning LNK4204: 'D:\GitHub\COMP3015-c1Prototype\Project_Template\x64\Debug\vc142.pdb' is missing debugging information for referencing module; linking object as if no debug info
glslprogram.obj : warning LNK4204: 'D:\GitHub\COMP3015-c1Prototype\Project_Template\x64\Debug\vc142.pdb' is missing debugging information for referencing module; linking object as if no debug info
glad.obj : warning LNK4204: 'D:\GitHub\COMP3015-c1Prototype\Project_Template\x64\Debug\vc142.pdb' is missing debugging information for referencing module; linking object as if no debug info
glfw3.lib(context.obj) : warning LNK4099: PDB 'glfw.pdb' was not found with 'glfw3.lib(context.obj)' or at 'D:\GitHub\COMP3015-c1Prototype\Project_Template\x64\Debug\glfw.pdb'; linking object as if no debug info
glfw3.lib(init.obj) : warning LNK4099: PDB 'glfw.pdb' was not found with 'glfw3.lib(init.obj)' or at 'D:\GitHub\COMP3015-c1Prototype\Project_Template\x64\Debug\glfw.pdb'; linking object as if no debug info
glfw3.lib(input.obj) : warning LNK4099: PDB 'glfw.pdb' was not found with 'glfw3.lib(input.obj)' or at 'D:\GitHub\COMP3015-c1Prototype\Project_Template\x64\Debug\glfw.pdb'; linking object as if no debug info
glfw3.lib(monitor.obj) : warning LNK4099: PDB 'glfw.pdb' was not found with 'glfw3.lib(monitor.obj)' or at 'D:\GitHub\COMP3015-c1Prototype\Project_Template\x64\Debug\glfw.pdb'; linking object as if no debug info
glfw3.lib(vulkan.obj) : warning LNK4099: PDB 'glfw.pdb' was not found with 'glfw3.lib(vulkan.obj)' or at 'D:\GitHub\COMP3015-c1Prototype\Project_Template\x64\Debug\glfw.pdb'; linking object as if no debug info
glfw3.lib(window.obj) : warning LNK4099: PDB 'glfw.pdb' was not found with 'glfw3.lib(window.obj)' or at 'D:\GitHub\COMP3015-c1Prototype\Project_Template\x64\Debug\glfw.pdb'; linking object as if no debug info
glfw3.lib(win32_init.obj) : warning LNK4099: PDB 'glfw.pdb' was not found with 'glfw3.lib(win32_init.obj)' or at 'D:\GitHub\COMP3015-c1Prototype\Project_Template\x64\Debug\glfw.pdb'; linking object as if no debug info
glfw3.lib(win32_joystick.obj) : warning LNK4099: PDB 'glfw.pdb' was not found with 'glfw3.lib(win32_joystick.obj)' or at 'D:\GitHub\COMP3015-c1Prototype\Project_Template\x64\Debug\glfw.pdb'; linking object as if no debug info
glfw3.lib(win32_monitor.obj) : warning LNK4099: PDB 'glfw.pdb' was not found with 'glfw3.lib(win32_monitor.obj)' or at 'D:\GitHub\COMP3015-c1Prototype\Project_Template\x64\Debug\glfw.pdb'; linking object as if no debug info
glfw3.lib(win32_time.obj) : warning LNK4099: PDB 'glfw.pdb' was not found with 'glfw3.lib(win32_time.obj)' or at 'D:\GitHub\COMP3015-c1Prototype\Project_Template\x64\Debug\glfw.pdb'; linking object as if no debug info
glfw3.lib(win32_thread.obj) : warning LNK4099: PDB 'glfw.pdb' was not found with 'glfw3.lib(win32_thread.obj)' or at 'D:\GitHub\COMP3015-c1Prototype\Project_Template\x64\Debug\glfw.pdb'; linking object as if no debug info
glfw3.lib(win32_window.obj) : warning LNK4099: PDB 'glfw.pdb' was not found with 'glfw3.lib(win32_window.obj)' or at 'D:\GitHub\COMP3015-c1Prototype\Project_Template\x64\Debug\glfw.pdb'; linking object as if no debug info
glfw3.lib(wgl_context.obj) : warning LNK4099: PDB 'glfw.pdb' was not found with 'glfw3.lib(wgl_context.obj)' or at 'D:\GitHub\COMP3015-c1Prototype\Project_Template\x64\Debug\glfw.pdb'; linking object as if no debug info
glfw3.lib(egl_context.obj) : warning LNK4099: PDB 'glfw.pdb' was not found with 'glfw3.lib(egl_context.obj)' or at 'D:\GitHub\COMP3015-c1Prototype\Project_Template\x64\Debug\glfw.pdb'; linking object as if no debug info
glfw3.lib(osmesa_context.obj) : warning LNK4099: PDB 'glfw.pdb' was not found with 'glfw3.lib(osmesa_context.obj)' or at 'D:\GitHub\COMP3015-c1Prototype\Project_Template\x64\Debug\glfw.pdb'; linking object as if no debug info
  Project_Template.vcxproj -> D:\GitHub\COMP3015-c1Prototype\Project_Template\x64\Debug\Project_Template.exe
